app/build/intermediates/manifest_merge_blame_file/nonRootDebug/manifest-merger-blame-nonRoot-debug-report.txt
1<?xml version="1.0" encoding="utf-8"?>
2<manifest xmlns:android="http://schemas.android.com/apk/res/android"
3    package="com.antplay.debug"
4    android:versionCode="306"
5    android:versionName="11.0" >
6
7    <uses-sdk
8        android:minSdkVersion="16"
9        android:targetSdkVersion="33" />
10
11    <uses-permission android:name="android.permission.INTERNET" />
11-->src\main\AndroidManifest.xml:4:5-67
11-->src\main\AndroidManifest.xml:4:22-64
12    <uses-permission android:name="android.permission.ACCESS_NETWORK_STATE" />
12-->src\main\AndroidManifest.xml:5:5-79
12-->src\main\AndroidManifest.xml:5:22-76
13    <uses-permission android:name="android.permission.VIBRATE" />
13-->src\main\AndroidManifest.xml:6:5-66
13-->src\main\AndroidManifest.xml:6:22-63
14    <uses-permission android:name="android.permission.WAKE_LOCK" />
14-->src\main\AndroidManifest.xml:7:5-68
14-->src\main\AndroidManifest.xml:7:22-65
15    <uses-permission android:name="android.permission.CHANGE_WIFI_MULTICAST_STATE" />
15-->src\main\AndroidManifest.xml:8:5-86
15-->src\main\AndroidManifest.xml:8:22-83
16    <uses-permission android:name="android.permission.ACCESS_WIFI_STATE" />
16-->src\main\AndroidManifest.xml:9:5-76
16-->src\main\AndroidManifest.xml:9:22-73
17    <uses-permission android:name="com.android.providers.tv.permission.READ_EPG_DATA" />
17-->src\main\AndroidManifest.xml:10:5-89
17-->src\main\AndroidManifest.xml:10:22-86
18    <uses-permission android:name="com.android.providers.tv.permission.WRITE_EPG_DATA" />
18-->src\main\AndroidManifest.xml:11:5-90
18-->src\main\AndroidManifest.xml:11:22-87
19
20    <uses-feature
20-->src\main\AndroidManifest.xml:13:5-15:36
21        android:name="android.hardware.touchscreen"
21-->src\main\AndroidManifest.xml:14:9-52
22        android:required="false" />
22-->src\main\AndroidManifest.xml:15:9-33
23    <uses-feature
23-->src\main\AndroidManifest.xml:16:5-18:36
24        android:name="android.hardware.wifi"
24-->src\main\AndroidManifest.xml:17:9-45
25        android:required="false" />
25-->src\main\AndroidManifest.xml:18:9-33
26    <uses-feature
26-->src\main\AndroidManifest.xml:19:5-21:36
27        android:name="android.hardware.gamepad"
27-->src\main\AndroidManifest.xml:20:9-48
28        android:required="false" />
28-->src\main\AndroidManifest.xml:21:9-33
29    <uses-feature
29-->src\main\AndroidManifest.xml:22:5-24:36
30        android:name="android.hardware.usb.host"
30-->src\main\AndroidManifest.xml:23:9-49
31        android:required="false" />
31-->src\main\AndroidManifest.xml:24:9-33
32    <uses-feature
32-->src\main\AndroidManifest.xml:25:5-27:36
33        android:name="android.software.leanback"
33-->src\main\AndroidManifest.xml:26:9-49
34        android:required="false" /> <!-- Disable legacy input emulation on ChromeOS -->
34-->src\main\AndroidManifest.xml:27:9-33
35    <uses-feature
35-->src\main\AndroidManifest.xml:28:5-30:36
36        android:name="android.hardware.type.pc"
36-->src\main\AndroidManifest.xml:29:9-48
37        android:required="false" />
37-->src\main\AndroidManifest.xml:30:9-33
38
39    <permission
39-->[androidx.core:core:1.9.0] AndroidManifest.xml:22:5-24:47
40        android:name="com.antplay.debug.DYNAMIC_RECEIVER_NOT_EXPORTED_PERMISSION"
40-->[androidx.core:core:1.9.0] AndroidManifest.xml:23:9-81
41        android:protectionLevel="signature" />
41-->[androidx.core:core:1.9.0] AndroidManifest.xml:24:9-44
42
43    <uses-permission android:name="com.antplay.debug.DYNAMIC_RECEIVER_NOT_EXPORTED_PERMISSION" /> <!-- Non-root application name -->
43-->[androidx.core:core:1.9.0] AndroidManifest.xml:26:5-97
43-->[androidx.core:core:1.9.0] AndroidManifest.xml:26:22-94
44    <!-- FIXME: We should set extractNativeLibs=false but this breaks installation on the Fire TV 3 -->
45    <application
45-->src\main\AndroidManifest.xml:32:5-235:19
46        android:allowBackup="true"
46-->src\main\AndroidManifest.xml:33:9-35
47        android:appCategory="game"
47-->src\main\AndroidManifest.xml:34:9-35
48        android:appComponentFactory="androidx.core.app.CoreComponentFactory"
48-->[androidx.core:core:1.9.0] AndroidManifest.xml:28:18-86
49        android:banner="@drawable/atv_banner"
49-->src\main\AndroidManifest.xml:35:9-46
50        android:dataExtractionRules="@xml/backup_rules_s"
50-->src\main\AndroidManifest.xml:36:9-58
51        android:debuggable="true"
52        android:enableOnBackInvokedCallback="false"
52-->src\main\AndroidManifest.xml:37:9-52
53        android:fullBackupContent="@xml/backup_rules"
53-->src\main\AndroidManifest.xml:38:9-54
54        android:gwpAsanMode="always"
54-->src\main\AndroidManifest.xml:39:9-37
55        android:icon="@mipmap/ic_launcher"
55-->src\main\AndroidManifest.xml:40:9-43
56        android:installLocation="auto"
56-->src\main\AndroidManifest.xml:41:9-39
57        android:isGame="true"
57-->src\main\AndroidManifest.xml:42:9-30
58        android:label="@string/app_label"
58-->src\nonRoot\AndroidManifest.xml:6:18-51
59        android:localeConfig="@xml/locales_config"
59-->src\main\AndroidManifest.xml:43:9-51
60        android:networkSecurityConfig="@xml/network_security_config"
60-->src\main\AndroidManifest.xml:44:9-69
61        android:roundIcon="@mipmap/ic_launcher"
61-->src\main\AndroidManifest.xml:45:9-48
62        android:testOnly="true"
63        android:theme="@style/AppTheme" >
63-->src\main\AndroidManifest.xml:46:9-40
64        <activity
64-->src\main\AndroidManifest.xml:47:9-53:20
65            android:name="com.antplay.SubscriptionPlanActivity"
65-->src\main\AndroidManifest.xml:48:13-53
66            android:exported="false" >
66-->src\main\AndroidManifest.xml:49:13-37
67            <meta-data
67-->src\main\AndroidManifest.xml:50:13-52:36
68                android:name="android.app.lib_name"
68-->src\main\AndroidManifest.xml:51:17-52
69                android:value="" />
69-->src\main\AndroidManifest.xml:52:17-33
70        </activity>
71        <activity
71-->src\main\AndroidManifest.xml:54:9-61:20
72            android:name="com.antplay.ui.HomeActivity"
72-->src\main\AndroidManifest.xml:55:13-44
73            android:exported="false"
73-->src\main\AndroidManifest.xml:56:13-37
74            android:theme="@android:style/Theme.NoTitleBar" >
74-->src\main\AndroidManifest.xml:57:13-60
75            <meta-data
75-->src\main\AndroidManifest.xml:50:13-52:36
76                android:name="android.app.lib_name"
76-->src\main\AndroidManifest.xml:51:17-52
77                android:value="" />
77-->src\main\AndroidManifest.xml:52:17-33
78        </activity>
79        <activity
79-->src\main\AndroidManifest.xml:62:9-69:20
80            android:name="com.antplay.ui.ForgotPasswordActivity"
80-->src\main\AndroidManifest.xml:63:13-54
81            android:exported="false"
81-->src\main\AndroidManifest.xml:64:13-37
82            android:resizeableActivity="true" >
82-->src\main\AndroidManifest.xml:65:13-46
83            <meta-data
83-->src\main\AndroidManifest.xml:50:13-52:36
84                android:name="android.app.lib_name"
84-->src\main\AndroidManifest.xml:51:17-52
85                android:value="" />
85-->src\main\AndroidManifest.xml:52:17-33
86        </activity>
87        <activity
87-->src\main\AndroidManifest.xml:70:9-76:20
88            android:name="com.antplay.ui.GeneralWebViewActivity"
88-->src\main\AndroidManifest.xml:71:13-54
89            android:exported="false" >
89-->src\main\AndroidManifest.xml:72:13-37
90            <meta-data
90-->src\main\AndroidManifest.xml:50:13-52:36
91                android:name="android.app.lib_name"
91-->src\main\AndroidManifest.xml:51:17-52
92                android:value="" />
92-->src\main\AndroidManifest.xml:52:17-33
93        </activity>
94        <activity
94-->src\main\AndroidManifest.xml:77:9-83:20
95            android:name="com.antplay.ui.SignupActivity"
95-->src\main\AndroidManifest.xml:78:13-46
96            android:exported="false" >
96-->src\main\AndroidManifest.xml:79:13-37
97            <meta-data
97-->src\main\AndroidManifest.xml:50:13-52:36
98                android:name="android.app.lib_name"
98-->src\main\AndroidManifest.xml:51:17-52
99                android:value="" />
99-->src\main\AndroidManifest.xml:52:17-33
100        </activity>
101        <activity
101-->src\main\AndroidManifest.xml:84:9-93:20
102            android:name="com.antplay.ui.SplashActivity"
102-->src\main\AndroidManifest.xml:85:13-46
103            android:exported="true"
103-->src\main\AndroidManifest.xml:86:13-36
104            android:resizeableActivity="true" >
104-->src\main\AndroidManifest.xml:87:13-46
105            <intent-filter>
105-->src\main\AndroidManifest.xml:88:13-92:29
106                <action android:name="android.intent.action.MAIN" />
106-->src\main\AndroidManifest.xml:89:17-69
106-->src\main\AndroidManifest.xml:89:25-66
107
108                <category android:name="android.intent.category.LAUNCHER" />
108-->src\main\AndroidManifest.xml:91:17-77
108-->src\main\AndroidManifest.xml:91:27-74
109            </intent-filter>
110        </activity>
111        <activity
111-->src\main\AndroidManifest.xml:94:9-97:49
112            android:name="com.antplay.ui.LoginActivity"
112-->src\main\AndroidManifest.xml:95:13-45
113            android:exported="false"
113-->src\main\AndroidManifest.xml:96:13-37
114            android:resizeableActivity="true" />
114-->src\main\AndroidManifest.xml:97:13-46
115        <activity
115-->src\main\AndroidManifest.xml:99:9-102:49
116            android:name="com.antplay.ui.SubscriptionPlanActivity"
116-->src\main\AndroidManifest.xml:100:13-56
117            android:exported="true"
117-->src\main\AndroidManifest.xml:101:13-36
118            android:resizeableActivity="true" />
118-->src\main\AndroidManifest.xml:102:13-46
119        <activity
119-->src\main\AndroidManifest.xml:104:9-107:49
120            android:name="com.antplay.ui.ChangePassword"
120-->src\main\AndroidManifest.xml:105:13-46
121            android:exported="true"
121-->src\main\AndroidManifest.xml:106:13-36
122            android:resizeableActivity="true" />
122-->src\main\AndroidManifest.xml:107:13-46
123        <activity
123-->src\main\AndroidManifest.xml:109:9-112:49
124            android:name="com.antplay.ui.PaymentHistory"
124-->src\main\AndroidManifest.xml:110:13-46
125            android:exported="true"
125-->src\main\AndroidManifest.xml:111:13-36
126            android:resizeableActivity="true" />
126-->src\main\AndroidManifest.xml:112:13-46
127
128        <provider
129            android:name="com.antplay.PosterContentProvider"
130            android:authorities="poster.com.antplay.debug"
131            android:enabled="true"
132            android:exported="true" /> <!-- Samsung multi-window support -->
133        <uses-library
133-->src\main\AndroidManifest.xml:119:9-121:40
134            android:name="com.sec.android.app.multiwindow"
134-->src\main\AndroidManifest.xml:120:13-59
135            android:required="false" />
135-->src\main\AndroidManifest.xml:121:13-37
136
137        <meta-data
137-->src\main\AndroidManifest.xml:123:9-125:36
138            android:name="com.sec.android.support.multiwindow"
138-->src\main\AndroidManifest.xml:124:13-63
139            android:value="true" />
139-->src\main\AndroidManifest.xml:125:13-33
140        <!--
141 Disable Game Mode downscaling since it can break our UI dialogs and doesn't benefit
142             performance much for us since we don't use GL/Vulkan for rendering anyway
143        -->
144        <meta-data
144-->src\main\AndroidManifest.xml:130:9-132:37
145            android:name="com.android.graphics.intervention.wm.allowDownscale"
145-->src\main\AndroidManifest.xml:131:13-79
146            android:value="false" />
146-->src\main\AndroidManifest.xml:132:13-34
147        <!--
148 Samsung DeX support requires explicit placement of android:resizeableActivity="true"
149             in each activity even though it is implied by targeting API 24+
150        -->
151        <activity
151-->src\main\AndroidManifest.xml:137:9-153:20
152            android:name="com.antplay.PcView"
152-->src\main\AndroidManifest.xml:138:13-35
153            android:configChanges="mcc|mnc|touchscreen|keyboard|keyboardHidden|navigation|screenLayout|fontScale|uiMode|orientation|screenSize|smallestScreenSize|layoutDirection"
153-->src\main\AndroidManifest.xml:139:13-179
154            android:exported="true"
154-->src\main\AndroidManifest.xml:140:13-36
155            android:resizeableActivity="true" >
155-->src\main\AndroidManifest.xml:141:13-46
156            <intent-filter>
156-->src\main\AndroidManifest.xml:142:13-152:29
157
158                <!--
159                <action android:name="android.intent.action.MAIN" />
160
161                <category android:name="android.intent.category.LAUNCHER" />
162                -->
163                <category android:name="android.intent.category.MULTIWINDOW_LAUNCHER" />
163-->src\main\AndroidManifest.xml:149:17-89
163-->src\main\AndroidManifest.xml:149:27-86
164                <category android:name="android.intent.category.LEANBACK_LAUNCHER" />
164-->src\main\AndroidManifest.xml:150:17-86
164-->src\main\AndroidManifest.xml:150:27-83
165                <category android:name="tv.ouya.intent.category.APP" />
165-->src\main\AndroidManifest.xml:151:17-72
165-->src\main\AndroidManifest.xml:151:27-69
166            </intent-filter>
167        </activity> <!-- Small hack to support launcher shortcuts without relaunching over and over again when the back button is pressed -->
168        <activity
168-->src\main\AndroidManifest.xml:154:9-163:20
169            android:name="com.antplay.ShortcutTrampoline"
169-->src\main\AndroidManifest.xml:155:13-47
170            android:configChanges="mcc|mnc|locale|touchscreen|keyboard|keyboardHidden|navigation|screenLayout|fontScale|uiMode|orientation|screenSize|smallestScreenSize|layoutDirection"
170-->src\main\AndroidManifest.xml:156:13-186
171            android:exported="true"
171-->src\main\AndroidManifest.xml:157:13-36
172            android:noHistory="true"
172-->src\main\AndroidManifest.xml:158:13-37
173            android:resizeableActivity="true" >
173-->src\main\AndroidManifest.xml:159:13-46
174            <meta-data
174-->src\main\AndroidManifest.xml:160:13-162:54
175                android:name="android.support.PARENT_ACTIVITY"
175-->src\main\AndroidManifest.xml:161:17-63
176                android:value="com.antplay.PcView" />
176-->src\main\AndroidManifest.xml:162:17-51
177        </activity>
178        <activity
178-->src\main\AndroidManifest.xml:164:9-171:20
179            android:name="com.antplay.AppView"
179-->src\main\AndroidManifest.xml:165:13-36
180            android:configChanges="mcc|mnc|touchscreen|keyboard|keyboardHidden|navigation|screenLayout|fontScale|uiMode|orientation|screenSize|smallestScreenSize|layoutDirection"
180-->src\main\AndroidManifest.xml:166:13-179
181            android:resizeableActivity="true" >
181-->src\main\AndroidManifest.xml:167:13-46
182            <meta-data
182-->src\main\AndroidManifest.xml:160:13-162:54
183                android:name="android.support.PARENT_ACTIVITY"
183-->src\main\AndroidManifest.xml:161:17-63
184                android:value="com.antplay.PcView" />
184-->src\main\AndroidManifest.xml:162:17-51
185        </activity>
186        <activity
186-->src\main\AndroidManifest.xml:172:9-180:20
187            android:name="com.antplay.preferences.StreamSettings"
187-->src\main\AndroidManifest.xml:173:13-55
188            android:configChanges="mcc|mnc|touchscreen|keyboard|keyboardHidden|navigation|screenLayout|fontScale|uiMode|orientation|screenSize|smallestScreenSize|layoutDirection"
188-->src\main\AndroidManifest.xml:174:13-179
189            android:label="Streaming Settings"
189-->src\main\AndroidManifest.xml:175:13-47
190            android:resizeableActivity="true" >
190-->src\main\AndroidManifest.xml:176:13-46
191            <meta-data
191-->src\main\AndroidManifest.xml:160:13-162:54
192                android:name="android.support.PARENT_ACTIVITY"
192-->src\main\AndroidManifest.xml:161:17-63
193                android:value="com.antplay.PcView" />
193-->src\main\AndroidManifest.xml:162:17-51
194        </activity>
195        <activity
195-->src\main\AndroidManifest.xml:181:9-190:20
196            android:name="com.antplay.preferences.AddComputerManually"
196-->src\main\AndroidManifest.xml:182:13-60
197            android:configChanges="mcc|mnc|touchscreen|keyboard|keyboardHidden|navigation|screenLayout|fontScale|uiMode|orientation|screenSize|smallestScreenSize|layoutDirection"
197-->src\main\AndroidManifest.xml:183:13-179
198            android:label="Add Computer Manually"
198-->src\main\AndroidManifest.xml:184:13-50
199            android:resizeableActivity="true"
199-->src\main\AndroidManifest.xml:185:13-46
200            android:windowSoftInputMode="stateVisible" >
200-->src\main\AndroidManifest.xml:186:13-55
201            <meta-data
201-->src\main\AndroidManifest.xml:160:13-162:54
202                android:name="android.support.PARENT_ACTIVITY"
202-->src\main\AndroidManifest.xml:161:17-63
203                android:value="com.antplay.PcView" />
203-->src\main\AndroidManifest.xml:162:17-51
204        </activity>
205        <activity
205-->src\main\AndroidManifest.xml:191:9-215:20
206            android:name="com.antplay.Game"
206-->src\main\AndroidManifest.xml:192:13-33
207            android:configChanges="mcc|mnc|locale|touchscreen|keyboard|keyboardHidden|navigation|screenLayout|fontScale|uiMode|orientation|screenSize|smallestScreenSize|layoutDirection"
207-->src\main\AndroidManifest.xml:193:13-186
208            android:excludeFromRecents="true"
208-->src\main\AndroidManifest.xml:194:13-46
209            android:launchMode="singleTask"
209-->src\main\AndroidManifest.xml:195:13-44
210            android:noHistory="true"
210-->src\main\AndroidManifest.xml:196:13-37
211            android:preferMinimalPostProcessing="true"
211-->src\main\AndroidManifest.xml:197:13-55
212            android:resizeableActivity="true"
212-->src\main\AndroidManifest.xml:198:13-46
213            android:supportsPictureInPicture="true"
213-->src\main\AndroidManifest.xml:199:13-52
214            android:theme="@style/StreamTheme" >
214-->src\main\AndroidManifest.xml:200:13-47
215            <meta-data
215-->src\main\AndroidManifest.xml:160:13-162:54
216                android:name="android.support.PARENT_ACTIVITY"
216-->src\main\AndroidManifest.xml:161:17-63
217                android:value="com.antplay.AppView" />
217-->src\main\AndroidManifest.xml:162:17-51
218
219            <!--
220                 Special metadata for NVIDIA Shield devices to prevent input buffering
221                 and most importantly, opt out of mouse acceleration while streaming
222            -->
223            <meta-data
223-->src\main\AndroidManifest.xml:209:13-211:40
224                android:name="com.nvidia.immediateInput"
224-->src\main\AndroidManifest.xml:210:17-57
225                android:value="true" />
225-->src\main\AndroidManifest.xml:211:17-37
226            <meta-data
226-->src\main\AndroidManifest.xml:212:13-214:40
227                android:name="com.nvidia.rawCursorInput"
227-->src\main\AndroidManifest.xml:213:17-57
228                android:value="true" />
228-->src\main\AndroidManifest.xml:214:17-37
229        </activity>
230
231        <service
231-->src\main\AndroidManifest.xml:217:9-219:62
232            android:name="com.antplay.discovery.DiscoveryService"
232-->src\main\AndroidManifest.xml:218:13-55
233            android:label="mDNS PC Auto-Discovery Service" />
233-->src\main\AndroidManifest.xml:219:13-59
234        <service
234-->src\main\AndroidManifest.xml:220:9-222:59
235            android:name="com.antplay.computers.ComputerManagerService"
235-->src\main\AndroidManifest.xml:221:13-61
236            android:label="Computer Management Service" />
236-->src\main\AndroidManifest.xml:222:13-56
237        <service
237-->src\main\AndroidManifest.xml:223:9-225:50
238            android:name="com.antplay.binding.input.driver.UsbDriverService"
238-->src\main\AndroidManifest.xml:224:13-66
239            android:label="Usb Driver Service" />
239-->src\main\AndroidManifest.xml:225:13-47
240
241        <activity
241-->src\main\AndroidManifest.xml:227:9-234:20
242            android:name="com.antplay.HelpActivity"
242-->src\main\AndroidManifest.xml:228:13-41
243            android:configChanges="mcc|mnc|touchscreen|keyboard|keyboardHidden|navigation|screenLayout|fontScale|uiMode|orientation|screenSize|smallestScreenSize|layoutDirection"
243-->src\main\AndroidManifest.xml:229:13-179
244            android:resizeableActivity="true" >
244-->src\main\AndroidManifest.xml:230:13-46
245            <meta-data
245-->src\main\AndroidManifest.xml:160:13-162:54
246                android:name="android.support.PARENT_ACTIVITY"
246-->src\main\AndroidManifest.xml:161:17-63
247                android:value="com.antplay.PcView" />
247-->src\main\AndroidManifest.xml:162:17-51
248        </activity>
249
250        <provider
250-->[androidx.emoji2:emoji2:1.2.0] AndroidManifest.xml:24:9-32:20
251            android:name="androidx.startup.InitializationProvider"
251-->[androidx.emoji2:emoji2:1.2.0] AndroidManifest.xml:25:13-67
252            android:authorities="com.antplay.debug.androidx-startup"
252-->[androidx.emoji2:emoji2:1.2.0] AndroidManifest.xml:26:13-68
253            android:exported="false" >
253-->[androidx.emoji2:emoji2:1.2.0] AndroidManifest.xml:27:13-37
254            <meta-data
254-->[androidx.emoji2:emoji2:1.2.0] AndroidManifest.xml:29:13-31:52
255                android:name="androidx.emoji2.text.EmojiCompatInitializer"
255-->[androidx.emoji2:emoji2:1.2.0] AndroidManifest.xml:30:17-75
256                android:value="androidx.startup" />
256-->[androidx.emoji2:emoji2:1.2.0] AndroidManifest.xml:31:17-49
257            <meta-data
257-->[androidx.lifecycle:lifecycle-process:2.4.1] AndroidManifest.xml:31:13-33:52
258                android:name="androidx.lifecycle.ProcessLifecycleInitializer"
258-->[androidx.lifecycle:lifecycle-process:2.4.1] AndroidManifest.xml:32:17-78
259                android:value="androidx.startup" />
259-->[androidx.lifecycle:lifecycle-process:2.4.1] AndroidManifest.xml:33:17-49
260        </provider>
261    </application>
262
263</manifest>